platforms/android/build/outputs/logs/manifest-merger-debug-report.txt
-- Merging decision tree log ---
manifest
ADDED from platforms\android\AndroidManifest.xml:2:1-37:12
	package
		ADDED from platforms\android\AndroidManifest.xml:2:102-130
		INJECTED from platforms\android\AndroidManifest.xml
		INJECTED from platforms\android\AndroidManifest.xml
	android:versionName
		ADDED from platforms\android\AndroidManifest.xml:2:74-101
		INJECTED from platforms\android\AndroidManifest.xml
		INJECTED from platforms\android\AndroidManifest.xml
	android:hardwareAccelerated
		ADDED from platforms\android\AndroidManifest.xml:2:11-45
	android:versionCode
		ADDED from platforms\android\AndroidManifest.xml:2:46-73
		INJECTED from platforms\android\AndroidManifest.xml
		INJECTED from platforms\android\AndroidManifest.xml
	xmlns:android
		ADDED from platforms\android\AndroidManifest.xml:2:131-189
supports-screens
ADDED from platforms\android\AndroidManifest.xml:3:5-191
	android:largeScreens
		ADDED from platforms\android\AndroidManifest.xml:3:49-76
	android:smallScreens
		ADDED from platforms\android\AndroidManifest.xml:3:132-159
	android:normalScreens
		ADDED from platforms\android\AndroidManifest.xml:3:77-105
	android:xlargeScreens
		ADDED from platforms\android\AndroidManifest.xml:3:160-188
	android:resizeable
		ADDED from platforms\android\AndroidManifest.xml:3:106-131
	android:anyDensity
		ADDED from platforms\android\AndroidManifest.xml:3:23-48
uses-permission#android.permission.INTERNET
ADDED from platforms\android\AndroidManifest.xml:4:5-67
MERGED from [com.onesignal:OneSignal:3.6.5] AndroidManifest.xml:17:5-67
MERGED from [com.google.android.gms:play-services-gcm:11.2.2] AndroidManifest.xml:21:5-66
MERGED from [com.google.android.gms:play-services-iid:11.2.2] AndroidManifest.xml:21:5-66
	android:name
		ADDED from platforms\android\AndroidManifest.xml:4:22-64
application
ADDED from platforms\android\AndroidManifest.xml:5:5-30:19
MERGED from [com.onesignal:OneSignal:3.6.5] AndroidManifest.xml:49:5-104:19
MERGED from [com.google.android.gms:play-services-gcm:11.2.2] AndroidManifest.xml:23:5-19
MERGED from [com.google.android.gms:play-services-iid:11.2.2] AndroidManifest.xml:23:5-19
MERGED from [com.google.android.gms:play-services-location:11.2.2] AndroidManifest.xml:4:5-19
MERGED from [com.google.android.gms:play-services-base:11.2.2] AndroidManifest.xml:18:5-20:19
MERGED from [com.google.android.gms:play-services-tasks:11.2.2] AndroidManifest.xml:4:5-19
MERGED from [com.google.android.gms:play-services-basement:11.2.2] AndroidManifest.xml:19:5-21:19
MERGED from [com.android.support:customtabs:26.1.0] AndroidManifest.xml:22:5-26:19
MERGED from [com.android.support:support-v4:26.1.0] AndroidManifest.xml:25:5-29:19
MERGED from [com.android.support:support-media-compat:26.1.0] AndroidManifest.xml:25:5-29:19
MERGED from [com.android.support:support-fragment:26.1.0] AndroidManifest.xml:25:5-29:19
MERGED from [com.android.support:support-core-ui:26.1.0] AndroidManifest.xml:25:5-29:19
MERGED from [com.android.support:support-core-utils:26.1.0] AndroidManifest.xml:25:5-29:19
MERGED from [com.android.support:support-compat:26.1.0] AndroidManifest.xml:25:5-29:19
MERGED from [android.arch.lifecycle:runtime:1.0.0] AndroidManifest.xml:24:5-28:19
	android:label
		ADDED from platforms\android\AndroidManifest.xml:5:81-113
	android:supportsRtl
		ADDED from platforms\android\AndroidManifest.xml:5:114-140
	android:hardwareAccelerated
		ADDED from platforms\android\AndroidManifest.xml:5:18-52
	android:icon
		ADDED from platforms\android\AndroidManifest.xml:5:53-80
activity#com.example.senior.MainActivity
ADDED from platforms\android\AndroidManifest.xml:6:9-11:20
	android:label
		ADDED from platforms\android\AndroidManifest.xml:6:97-134
	android:launchMode
		ADDED from platforms\android\AndroidManifest.xml:6:135-165
	android:windowSoftInputMode
		ADDED from platforms\android\AndroidManifest.xml:6:257-299
	android:configChanges
		ADDED from platforms\android\AndroidManifest.xml:6:19-96
	android:theme
		ADDED from platforms\android\AndroidManifest.xml:6:194-256
	android:name
		ADDED from platforms\android\AndroidManifest.xml:6:166-193
intent-filter#android.intent.action.MAIN+android.intent.category.LAUNCHER
ADDED from platforms\android\AndroidManifest.xml:7:13-10:29
	android:label
		ADDED from platforms\android\AndroidManifest.xml:7:28-65
action#android.intent.action.MAIN
ADDED from platforms\android\AndroidManifest.xml:8:17-69
	android:name
		ADDED from platforms\android\AndroidManifest.xml:8:25-66
category#android.intent.category.LAUNCHER
ADDED from platforms\android\AndroidManifest.xml:9:17-77
	android:name
		ADDED from platforms\android\AndroidManifest.xml:9:27-74
provider#de.appplant.cordova.plugin.notification.util.AssetProvider
ADDED from platforms\android\AndroidManifest.xml:12:9-14:20
	android:authorities
		ADDED from platforms\android\AndroidManifest.xml:12:19-66
		INJECTED from platforms\android\AndroidManifest.xml
	android:grantUriPermissions
		ADDED from platforms\android\AndroidManifest.xml:12:92-126
	android:exported
		ADDED from platforms\android\AndroidManifest.xml:12:67-91
	android:name
		ADDED from platforms\android\AndroidManifest.xml:12:127-200
meta-data#android.support.FILE_PROVIDER_PATHS
ADDED from platforms\android\AndroidManifest.xml:13:13-134
	android:resource
		ADDED from platforms\android\AndroidManifest.xml:13:75-131
	android:name
		ADDED from platforms\android\AndroidManifest.xml:13:24-74
receiver#de.appplant.cordova.plugin.localnotification.TriggerReceiver
ADDED from platforms\android\AndroidManifest.xml:15:9-122
	android:exported
		ADDED from platforms\android\AndroidManifest.xml:15:19-43
	android:name
		ADDED from platforms\android\AndroidManifest.xml:15:44-119
receiver#de.appplant.cordova.plugin.localnotification.ClearReceiver
ADDED from platforms\android\AndroidManifest.xml:16:9-120
	android:exported
		ADDED from platforms\android\AndroidManifest.xml:16:19-43
	android:name
		ADDED from platforms\android\AndroidManifest.xml:16:44-117
activity#de.appplant.cordova.plugin.localnotification.ClickReceiver
ADDED from platforms\android\AndroidManifest.xml:17:9-205
	android:launchMode
		ADDED from platforms\android\AndroidManifest.xml:17:44-79
	android:exported
		ADDED from platforms\android\AndroidManifest.xml:17:19-43
	android:theme
		ADDED from platforms\android\AndroidManifest.xml:17:154-202
	android:name
		ADDED from platforms\android\AndroidManifest.xml:17:80-153
amazon:enable-feature
ADDED from platforms\android\AndroidManifest.xml:18:9-159
	xmlns:amazon
		ADDED from platforms\android\AndroidManifest.xml:18:100-156
	android:required
		ADDED from platforms\android\AndroidManifest.xml:18:75-99
	android:name
		ADDED from platforms\android\AndroidManifest.xml:18:32-74
service#com.onesignal.ADMMessageHandler
ADDED from platforms\android\AndroidManifest.xml:19:9-92
	android:exported
		ADDED from platforms\android\AndroidManifest.xml:19:18-42
	android:name
		ADDED from platforms\android\AndroidManifest.xml:19:43-89
receiver#com.onesignal.ADMMessageHandler$Receiver
ADDED from platforms\android\AndroidManifest.xml:20:9-26:20
	android:permission
		ADDED from platforms\android\AndroidManifest.xml:20:75-139
	android:name
		ADDED from platforms\android\AndroidManifest.xml:20:19-74
intent-filter#com.amazon.device.messaging.intent.RECEIVE+com.amazon.device.messaging.intent.REGISTRATION+com.example.senior
ADDED from platforms\android\AndroidManifest.xml:21:13-25:29
action#com.amazon.device.messaging.intent.REGISTRATION
ADDED from platforms\android\AndroidManifest.xml:22:17-90
	android:name
		ADDED from platforms\android\AndroidManifest.xml:22:25-87
action#com.amazon.device.messaging.intent.RECEIVE
ADDED from platforms\android\AndroidManifest.xml:23:17-85
	android:name
		ADDED from platforms\android\AndroidManifest.xml:23:25-82
category#com.example.senior
ADDED from platforms\android\AndroidManifest.xml:24:17-63
	android:name
		ADDED from platforms\android\AndroidManifest.xml:24:27-60
provider#android.support.v4.content.FileProvider
ADDED from platforms\android\AndroidManifest.xml:27:9-29:20
	android:authorities
		ADDED from platforms\android\AndroidManifest.xml:27:19-66
		INJECTED from platforms\android\AndroidManifest.xml
	android:grantUriPermissions
		ADDED from platforms\android\AndroidManifest.xml:27:92-126
	android:exported
		ADDED from platforms\android\AndroidManifest.xml:27:67-91
	android:name
		ADDED from platforms\android\AndroidManifest.xml:27:127-181
uses-sdk
ADDED from platforms\android\AndroidManifest.xml:31:5-74
MERGED from [me.leolin:ShortcutBadger:1.1.19] AndroidManifest.xml:7:5-9:41
MERGED from [com.onesignal:OneSignal:3.6.5] AndroidManifest.xml:5:5-44
MERGED from [com.google.android.gms:play-services-gcm:11.2.2] AndroidManifest.xml:17:5-43
MERGED from [com.google.android.gms:play-services-iid:11.2.2] AndroidManifest.xml:17:5-43
MERGED from [com.google.android.gms:play-services-location:11.2.2] AndroidManifest.xml:3:5-43
MERGED from [com.google.android.gms:play-services-base:11.2.2] AndroidManifest.xml:17:5-43
MERGED from [com.google.android.gms:play-services-tasks:11.2.2] AndroidManifest.xml:3:5-43
MERGED from [com.google.android.gms:play-services-basement:11.2.2] AndroidManifest.xml:17:5-43
MERGED from [com.android.support:customtabs:26.1.0] AndroidManifest.xml:20:5-44
MERGED from [com.android.support:support-v4:26.1.0] AndroidManifest.xml:21:5-23:54
MERGED from [com.android.support:support-media-compat:26.1.0] AndroidManifest.xml:21:5-23:63
MERGED from [com.android.support:support-fragment:26.1.0] AndroidManifest.xml:21:5-23:60
MERGED from [com.android.support:support-core-ui:26.1.0] AndroidManifest.xml:21:5-23:58
MERGED from [com.android.support:support-core-utils:26.1.0] AndroidManifest.xml:21:5-23:61
MERGED from [com.android.support:support-compat:26.1.0] AndroidManifest.xml:21:5-23:58
MERGED from [android.arch.lifecycle:runtime:1.0.0] AndroidManifest.xml:20:5-22:41
MERGED from [org.apache.cordova:CordovaLib:6.3.0:debug] AndroidManifest.xml:25:5-44
	tools:overrideLibrary
		ADDED from [com.android.support:support-v4:26.1.0] AndroidManifest.xml:23:9-51
	android:targetSdkVersion
		ADDED from platforms\android\AndroidManifest.xml:31:42-71
	android:minSdkVersion
		ADDED from platforms\android\AndroidManifest.xml:31:15-41
uses-permission#android.permission.WAKE_LOCK
ADDED from platforms\android\AndroidManifest.xml:32:5-68
MERGED from [com.onesignal:OneSignal:3.6.5] AndroidManifest.xml:19:5-68
	android:name
		ADDED from platforms\android\AndroidManifest.xml:32:22-65
uses-permission#com.amazon.device.messaging.permission.RECEIVE
ADDED from platforms\android\AndroidManifest.xml:33:5-86
	android:name
		ADDED from platforms\android\AndroidManifest.xml:33:22-83
permission#com.example.senior.permission.RECEIVE_ADM_MESSAGE
ADDED from platforms\android\AndroidManifest.xml:34:5-120
	android:protectionLevel
		ADDED from platforms\android\AndroidManifest.xml:34:82-117
	android:name
		ADDED from platforms\android\AndroidManifest.xml:34:17-81
uses-permission#com.example.senior.permission.RECEIVE_ADM_MESSAGE
ADDED from platforms\android\AndroidManifest.xml:35:5-89
	android:name
		ADDED from platforms\android\AndroidManifest.xml:35:22-86
uses-permission#android.permission.WRITE_EXTERNAL_STORAGE
ADDED from platforms\android\AndroidManifest.xml:36:5-81
	android:name
		ADDED from platforms\android\AndroidManifest.xml:36:22-78
uses-permission#com.sec.android.provider.badge.permission.READ
ADDED from [me.leolin:ShortcutBadger:1.1.19] AndroidManifest.xml:19:5-86
MERGED from [com.onesignal:OneSignal:3.6.5] AndroidManifest.xml:32:5-86
	android:name
		ADDED from [me.leolin:ShortcutBadger:1.1.19] AndroidManifest.xml:19:22-83
uses-permission#com.sec.android.provider.badge.permission.WRITE
ADDED from [me.leolin:ShortcutBadger:1.1.19] AndroidManifest.xml:20:5-87
MERGED from [com.onesignal:OneSignal:3.6.5] AndroidManifest.xml:33:5-87
	android:name
		ADDED from [me.leolin:ShortcutBadger:1.1.19] AndroidManifest.xml:20:22-84
uses-permission#com.htc.launcher.permission.READ_SETTINGS
ADDED from [me.leolin:ShortcutBadger:1.1.19] AndroidManifest.xml:23:5-81
MERGED from [com.onesignal:OneSignal:3.6.5] AndroidManifest.xml:34:5-81
	android:name
		ADDED from [me.leolin:ShortcutBadger:1.1.19] AndroidManifest.xml:23:22-78
uses-permission#com.htc.launcher.permission.UPDATE_SHORTCUT
ADDED from [me.leolin:ShortcutBadger:1.1.19] AndroidManifest.xml:24:5-83
MERGED from [com.onesignal:OneSignal:3.6.5] AndroidManifest.xml:35:5-83
	android:name
		ADDED from [me.leolin:ShortcutBadger:1.1.19] AndroidManifest.xml:24:22-80
uses-permission#com.sonyericsson.home.permission.BROADCAST_BADGE
ADDED from [me.leolin:ShortcutBadger:1.1.19] AndroidManifest.xml:27:5-88
MERGED from [com.onesignal:OneSignal:3.6.5] AndroidManifest.xml:36:5-88
	android:name
		ADDED from [me.leolin:ShortcutBadger:1.1.19] AndroidManifest.xml:27:22-85
uses-permission#com.sonymobile.home.permission.PROVIDER_INSERT_BADGE
ADDED from [me.leolin:ShortcutBadger:1.1.19] AndroidManifest.xml:28:5-92
MERGED from [com.onesignal:OneSignal:3.6.5] AndroidManifest.xml:37:5-92
	android:name
		ADDED from [me.leolin:ShortcutBadger:1.1.19] AndroidManifest.xml:28:22-89
uses-permission#com.anddoes.launcher.permission.UPDATE_COUNT
ADDED from [me.leolin:ShortcutBadger:1.1.19] AndroidManifest.xml:31:5-84
MERGED from [com.onesignal:OneSignal:3.6.5] AndroidManifest.xml:38:5-84
	android:name
		ADDED from [me.leolin:ShortcutBadger:1.1.19] AndroidManifest.xml:31:22-81
uses-permission#com.majeur.launcher.permission.UPDATE_BADGE
ADDED from [me.leolin:ShortcutBadger:1.1.19] AndroidManifest.xml:34:5-83
MERGED from [com.onesignal:OneSignal:3.6.5] AndroidManifest.xml:39:5-83
	android:name
		ADDED from [me.leolin:ShortcutBadger:1.1.19] AndroidManifest.xml:34:22-80
uses-permission#com.huawei.android.launcher.permission.CHANGE_BADGE
ADDED from [me.leolin:ShortcutBadger:1.1.19] AndroidManifest.xml:37:5-91
MERGED from [com.onesignal:OneSignal:3.6.5] AndroidManifest.xml:40:5-91
	android:name
		ADDED from [me.leolin:ShortcutBadger:1.1.19] AndroidManifest.xml:37:22-88
uses-permission#com.huawei.android.launcher.permission.READ_SETTINGS
ADDED from [me.leolin:ShortcutBadger:1.1.19] AndroidManifest.xml:38:5-92
MERGED from [com.onesignal:OneSignal:3.6.5] AndroidManifest.xml:41:5-92
	android:name
		ADDED from [me.leolin:ShortcutBadger:1.1.19] AndroidManifest.xml:38:22-89
uses-permission#com.huawei.android.launcher.permission.WRITE_SETTINGS
ADDED from [me.leolin:ShortcutBadger:1.1.19] AndroidManifest.xml:39:5-93
MERGED from [com.onesignal:OneSignal:3.6.5] AndroidManifest.xml:42:5-93
	android:name
		ADDED from [me.leolin:ShortcutBadger:1.1.19] AndroidManifest.xml:39:22-90
uses-permission#android.permission.READ_APP_BADGE
ADDED from [me.leolin:ShortcutBadger:1.1.19] AndroidManifest.xml:42:5-73
MERGED from [com.onesignal:OneSignal:3.6.5] AndroidManifest.xml:43:5-73
	android:name
		ADDED from [me.leolin:ShortcutBadger:1.1.19] AndroidManifest.xml:42:22-70
uses-permission#com.oppo.launcher.permission.READ_SETTINGS
ADDED from [me.leolin:ShortcutBadger:1.1.19] AndroidManifest.xml:45:5-82
MERGED from [com.onesignal:OneSignal:3.6.5] AndroidManifest.xml:44:5-82
	android:name
		ADDED from [me.leolin:ShortcutBadger:1.1.19] AndroidManifest.xml:45:22-79
uses-permission#com.oppo.launcher.permission.WRITE_SETTINGS
ADDED from [me.leolin:ShortcutBadger:1.1.19] AndroidManifest.xml:46:5-83
MERGED from [com.onesignal:OneSignal:3.6.5] AndroidManifest.xml:45:5-83
	android:name
		ADDED from [me.leolin:ShortcutBadger:1.1.19] AndroidManifest.xml:46:22-80
uses-permission#me.everything.badger.permission.BADGE_COUNT_READ
ADDED from [me.leolin:ShortcutBadger:1.1.19] AndroidManifest.xml:49:5-88
MERGED from [com.onesignal:OneSignal:3.6.5] AndroidManifest.xml:46:5-88
	android:name
		ADDED from [me.leolin:ShortcutBadger:1.1.19] AndroidManifest.xml:49:22-85
uses-permission#me.everything.badger.permission.BADGE_COUNT_WRITE
ADDED from [me.leolin:ShortcutBadger:1.1.19] AndroidManifest.xml:50:5-89
MERGED from [com.onesignal:OneSignal:3.6.5] AndroidManifest.xml:47:5-89
	android:name
		ADDED from [me.leolin:ShortcutBadger:1.1.19] AndroidManifest.xml:50:22-86
permission#${applicationId}.permission.C2D_MESSAGE
ADDED from [com.onesignal:OneSignal:3.6.5] AndroidManifest.xml:8:5-10:47
	android:protectionLevel
		ADDED from [com.onesignal:OneSignal:3.6.5] AndroidManifest.xml:10:9-44
	android:name
		ADDED from [com.onesignal:OneSignal:3.6.5] AndroidManifest.xml:9:9-63
uses-permission#${applicationId}.permission.C2D_MESSAGE
ADDED from [com.onesignal:OneSignal:3.6.5] AndroidManifest.xml:12:5-79
	android:name
		ADDED from [com.onesignal:OneSignal:3.6.5] AndroidManifest.xml:12:22-76
uses-permission#com.google.android.c2dm.permission.RECEIVE
ADDED from [com.onesignal:OneSignal:3.6.5] AndroidManifest.xml:18:5-82
MERGED from [com.google.android.gms:play-services-gcm:11.2.2] AndroidManifest.xml:20:5-81
MERGED from [com.google.android.gms:play-services-iid:11.2.2] AndroidManifest.xml:20:5-81
	android:name
		ADDED from [com.onesignal:OneSignal:3.6.5] AndroidManifest.xml:18:22-79
uses-permission#android.permission.VIBRATE
ADDED from [com.onesignal:OneSignal:3.6.5] AndroidManifest.xml:24:5-66
	android:name
		ADDED from [com.onesignal:OneSignal:3.6.5] AndroidManifest.xml:24:22-63
uses-permission#android.permission.ACCESS_NETWORK_STATE
ADDED from [com.onesignal:OneSignal:3.6.5] AndroidManifest.xml:25:5-79
	android:name
		ADDED from [com.onesignal:OneSignal:3.6.5] AndroidManifest.xml:25:22-76
uses-permission#android.permission.RECEIVE_BOOT_COMPLETED
ADDED from [com.onesignal:OneSignal:3.6.5] AndroidManifest.xml:30:5-81
	android:name
		ADDED from [com.onesignal:OneSignal:3.6.5] AndroidManifest.xml:30:22-78
meta-data#onesignal_app_id
ADDED from [com.onesignal:OneSignal:3.6.5] AndroidManifest.xml:50:9-52:51
	android:value
		ADDED from [com.onesignal:OneSignal:3.6.5] AndroidManifest.xml:52:13-48
	android:name
		ADDED from [com.onesignal:OneSignal:3.6.5] AndroidManifest.xml:51:13-44
meta-data#onesignal_google_project_number
ADDED from [com.onesignal:OneSignal:3.6.5] AndroidManifest.xml:54:9-56:70
	android:value
		ADDED from [com.onesignal:OneSignal:3.6.5] AndroidManifest.xml:56:13-67
	android:name
		ADDED from [com.onesignal:OneSignal:3.6.5] AndroidManifest.xml:55:13-59
receiver#com.onesignal.GcmBroadcastReceiver
ADDED from [com.onesignal:OneSignal:3.6.5] AndroidManifest.xml:58:9-68:20
	android:permission
		ADDED from [com.onesignal:OneSignal:3.6.5] AndroidManifest.xml:60:13-73
	android:name
		ADDED from [com.onesignal:OneSignal:3.6.5] AndroidManifest.xml:59:13-62
intent-filter#${applicationId}+com.google.android.c2dm.intent.RECEIVE
ADDED from [com.onesignal:OneSignal:3.6.5] AndroidManifest.xml:63:13-67:29
	android:priority
		ADDED from [com.onesignal:OneSignal:3.6.5] AndroidManifest.xml:63:28-50
action#com.google.android.c2dm.intent.RECEIVE
ADDED from [com.onesignal:OneSignal:3.6.5] AndroidManifest.xml:64:17-81
	android:name
		ADDED from [com.onesignal:OneSignal:3.6.5] AndroidManifest.xml:64:25-78
category#${applicationId}
ADDED from [com.onesignal:OneSignal:3.6.5] AndroidManifest.xml:66:17-61
	android:name
		ADDED from [com.onesignal:OneSignal:3.6.5] AndroidManifest.xml:66:27-58
receiver#com.onesignal.NotificationOpenedReceiver
ADDED from [com.onesignal:OneSignal:3.6.5] AndroidManifest.xml:69:9-77
	android:name
		ADDED from [com.onesignal:OneSignal:3.6.5] AndroidManifest.xml:69:19-74
service#com.onesignal.GcmIntentService
ADDED from [com.onesignal:OneSignal:3.6.5] AndroidManifest.xml:71:9-66
	android:name
		ADDED from [com.onesignal:OneSignal:3.6.5] AndroidManifest.xml:71:18-63
service#com.onesignal.GcmIntentJobService
ADDED from [com.onesignal:OneSignal:3.6.5] AndroidManifest.xml:72:9-74:72
	android:permission
		ADDED from [com.onesignal:OneSignal:3.6.5] AndroidManifest.xml:74:13-69
	android:name
		ADDED from [com.onesignal:OneSignal:3.6.5] AndroidManifest.xml:73:13-61
service#com.onesignal.SyncJobService
ADDED from [com.onesignal:OneSignal:3.6.5] AndroidManifest.xml:75:9-77:72
	android:permission
		ADDED from [com.onesignal:OneSignal:3.6.5] AndroidManifest.xml:77:13-69
	android:name
		ADDED from [com.onesignal:OneSignal:3.6.5] AndroidManifest.xml:76:13-56
service#com.onesignal.RestoreJobService
ADDED from [com.onesignal:OneSignal:3.6.5] AndroidManifest.xml:78:9-80:72
	android:permission
		ADDED from [com.onesignal:OneSignal:3.6.5] AndroidManifest.xml:80:13-69
	android:name
		ADDED from [com.onesignal:OneSignal:3.6.5] AndroidManifest.xml:79:13-59
service#com.onesignal.RestoreKickoffJobService
ADDED from [com.onesignal:OneSignal:3.6.5] AndroidManifest.xml:81:9-83:72
	android:permission
		ADDED from [com.onesignal:OneSignal:3.6.5] AndroidManifest.xml:83:13-69
	android:name
		ADDED from [com.onesignal:OneSignal:3.6.5] AndroidManifest.xml:82:13-66
service#com.onesignal.SyncService
ADDED from [com.onesignal:OneSignal:3.6.5] AndroidManifest.xml:84:9-61
	android:name
		ADDED from [com.onesignal:OneSignal:3.6.5] AndroidManifest.xml:84:18-58
activity#com.onesignal.PermissionsActivity
ADDED from [com.onesignal:OneSignal:3.6.5] AndroidManifest.xml:86:9-88:75
	android:theme
		ADDED from [com.onesignal:OneSignal:3.6.5] AndroidManifest.xml:88:13-72
	android:name
		ADDED from [com.onesignal:OneSignal:3.6.5] AndroidManifest.xml:87:13-61
service#com.onesignal.NotificationRestoreService
ADDED from [com.onesignal:OneSignal:3.6.5] AndroidManifest.xml:90:9-76
	android:name
		ADDED from [com.onesignal:OneSignal:3.6.5] AndroidManifest.xml:90:18-73
receiver#com.onesignal.BootUpReceiver
ADDED from [com.onesignal:OneSignal:3.6.5] AndroidManifest.xml:92:9-98:20
	android:name
		ADDED from [com.onesignal:OneSignal:3.6.5] AndroidManifest.xml:92:19-62
intent-filter#android.intent.action.ACTION_BOOT_COMPLETED+android.intent.action.BOOT_COMPLETED+android.intent.action.QUICKBOOT_POWERON
ADDED from [com.onesignal:OneSignal:3.6.5] AndroidManifest.xml:93:13-97:29
action#android.intent.action.ACTION_BOOT_COMPLETED
ADDED from [com.onesignal:OneSignal:3.6.5] AndroidManifest.xml:94:17-86
	android:name
		ADDED from [com.onesignal:OneSignal:3.6.5] AndroidManifest.xml:94:25-83
action#android.intent.action.BOOT_COMPLETED
ADDED from [com.onesignal:OneSignal:3.6.5] AndroidManifest.xml:95:17-79
	android:name
		ADDED from [com.onesignal:OneSignal:3.6.5] AndroidManifest.xml:95:25-76
action#android.intent.action.QUICKBOOT_POWERON
ADDED from [com.onesignal:OneSignal:3.6.5] AndroidManifest.xml:96:17-82
	android:name
		ADDED from [com.onesignal:OneSignal:3.6.5] AndroidManifest.xml:96:25-79
receiver#com.onesignal.UpgradeReceiver
ADDED from [com.onesignal:OneSignal:3.6.5] AndroidManifest.xml:99:9-103:20
	android:name
		ADDED from [com.onesignal:OneSignal:3.6.5] AndroidManifest.xml:99:19-63
intent-filter#android.intent.action.MY_PACKAGE_REPLACED
ADDED from [com.onesignal:OneSignal:3.6.5] AndroidManifest.xml:100:13-102:29
action#android.intent.action.MY_PACKAGE_REPLACED
ADDED from [com.onesignal:OneSignal:3.6.5] AndroidManifest.xml:101:17-84
	android:name
		ADDED from [com.onesignal:OneSignal:3.6.5] AndroidManifest.xml:101:25-81
activity#com.google.android.gms.common.api.GoogleApiActivity
ADDED from [com.google.android.gms:play-services-base:11.2.2] AndroidManifest.xml:19:9-172
	android:exported
		ADDED from [com.google.android.gms:play-services-base:11.2.2] AndroidManifest.xml:19:146-170
	android:theme
		ADDED from [com.google.android.gms:play-services-base:11.2.2] AndroidManifest.xml:19:86-145
	android:name
		ADDED from [com.google.android.gms:play-services-base:11.2.2] AndroidManifest.xml:19:19-85
meta-data#com.google.android.gms.version
ADDED from [com.google.android.gms:play-services-basement:11.2.2] AndroidManifest.xml:20:9-121
	android:value
		ADDED from [com.google.android.gms:play-services-basement:11.2.2] AndroidManifest.xml:20:66-119
	android:name
		ADDED from [com.google.android.gms:play-services-basement:11.2.2] AndroidManifest.xml:20:20-65
meta-data#android.support.VERSION
ADDED from [com.android.support:customtabs:26.1.0] AndroidManifest.xml:23:9-25:38
MERGED from [com.android.support:support-v4:26.1.0] AndroidManifest.xml:26:9-28:38
MERGED from [com.android.support:support-media-compat:26.1.0] AndroidManifest.xml:26:9-28:38
MERGED from [com.android.support:support-fragment:26.1.0] AndroidManifest.xml:26:9-28:38
MERGED from [com.android.support:support-core-ui:26.1.0] AndroidManifest.xml:26:9-28:38
MERGED from [com.android.support:support-core-utils:26.1.0] AndroidManifest.xml:26:9-28:38
MERGED from [com.android.support:support-compat:26.1.0] AndroidManifest.xml:26:9-28:38
	android:value
		ADDED from [com.android.support:customtabs:26.1.0] AndroidManifest.xml:25:13-35
	android:name
		ADDED from [com.android.support:customtabs:26.1.0] AndroidManifest.xml:24:13-51
meta-data#android.arch.lifecycle.VERSION
ADDED from [android.arch.lifecycle:runtime:1.0.0] AndroidManifest.xml:25:9-27:47
	android:value
		ADDED from [android.arch.lifecycle:runtime:1.0.0] AndroidManifest.xml:27:13-44
	android:name
		ADDED from [android.arch.lifecycle:runtime:1.0.0] AndroidManifest.xml:26:13-58